       :-) GROMACS - gmx mdrun, 2020.2-dev-20210420-2d59e659f-unknown (-:

                            GROMACS is written by:
     Emile Apol      Rossen Apostolov      Paul Bauer     Herman J.C. Berendsen
    Par Bjelkmar      Christian Blau   Viacheslav Bolnykh     Kevin Boyd    
 Aldert van Buuren   Rudi van Drunen     Anton Feenstra       Alan Gray     
  Gerrit Groenhof     Anca Hamuraru    Vincent Hindriksen  M. Eric Irrgang  
  Aleksei Iupinov   Christoph Junghans     Joe Jordan     Dimitrios Karkoulis
    Peter Kasson        Jiri Kraus      Carsten Kutzner      Per Larsson    
  Justin A. Lemkul    Viveca Lindahl    Magnus Lundborg     Erik Marklund   
    Pascal Merz     Pieter Meulenhoff    Teemu Murtola       Szilard Pall   
    Sander Pronk      Roland Schulz      Michael Shirts    Alexey Shvetsov  
   Alfons Sijbers     Peter Tieleman      Jon Vincent      Teemu Virolainen 
 Christian Wennberg    Maarten Wolf      Artem Zhmurov   
                           and the project leaders:
        Mark Abraham, Berk Hess, Erik Lindahl, and David van der Spoel

Copyright (c) 1991-2000, University of Groningen, The Netherlands.
Copyright (c) 2001-2019, The GROMACS development team at
Uppsala University, Stockholm University and
the Royal Institute of Technology, Sweden.
check out http://www.gromacs.org for more information.

GROMACS is free software; you can redistribute it and/or modify it
under the terms of the GNU Lesser General Public License
as published by the Free Software Foundation; either version 2.1
of the License, or (at your option) any later version.

GROMACS:      gmx mdrun, version 2020.2-dev-20210420-2d59e659f-unknown
Executable:   /root/gromacs-mo833a/build_release/bin/./gmx
Data prefix:  /root/gromacs-mo833a (source tree)
Working dir:  /root/gromacs-mo833a/build_release/bin
Process ID:   43280
Command line:
  gmx mdrun -v -deffnm em

GROMACS version:    2020.2-dev-20210420-2d59e659f-unknown
GIT SHA1 hash:      2d59e659f84f313f06aee9009d99cf754de4c955
Branched from:      unknown
Precision:          single
Memory model:       64 bit
MPI library:        thread_mpi
OpenMP support:     enabled (GMX_OPENMP_MAX_THREADS = 64)
GPU support:        disabled
SIMD instructions:  AVX2_256
FFT library:        fftw-3.3.8-sse2-avx-avx2-avx2_128
RDTSCP usage:       enabled
TNG support:        enabled
Hwloc support:      disabled
Tracing support:    disabled
C compiler:         /usr/bin/cc GNU 9.3.0
C compiler flags:   -mavx2 -mfma -Wall -Wno-unused -Wunused-value -Wunused-parameter -Wextra -Wno-missing-field-initializers -Wno-sign-compare -Wpointer-arith -Wundef -Werror=stringop-truncation -fexcess-precision=fast -funroll-all-loops -Wno-array-bounds
C++ compiler:       /usr/bin/c++ GNU 9.3.0
C++ compiler flags: -mavx2 -mfma -Wall -Wextra -Wno-missing-field-initializers -Wpointer-arith -Wmissing-declarations -Wundef -Wstringop-truncation -fexcess-precision=fast -funroll-all-loops -Wno-array-bounds -fopenmp


Running on 1 node with total 2 cores, 4 logical cores
Hardware detected:
  CPU info:
    Vendor: Intel
    Brand:  Intel(R) Core(TM) i5-7200U CPU @ 2.50GHz
    Family: 6   Model: 142   Stepping: 9
    Features: aes apic avx avx2 clfsh cmov cx8 cx16 f16c fma htt intel lahf mmx msr nonstop_tsc pcid pclmuldq pdcm pdpe1gb popcnt pse rdrnd rdtscp sse2 sse3 sse4.1 sse4.2 ssse3 tdt x2apic
  Hardware topology: Basic
    Sockets, cores, and logical processors:
      Socket  0: [   0   2] [   1   3]


++++ PLEASE READ AND CITE THE FOLLOWING REFERENCE ++++
M. J. Abraham, T. Murtola, R. Schulz, S. Páll, J. C. Smith, B. Hess, E.
Lindahl
GROMACS: High performance molecular simulations through multi-level
parallelism from laptops to supercomputers
SoftwareX 1 (2015) pp. 19-25
-------- -------- --- Thank You --- -------- --------


++++ PLEASE READ AND CITE THE FOLLOWING REFERENCE ++++
S. Páll, M. J. Abraham, C. Kutzner, B. Hess, E. Lindahl
Tackling Exascale Software Challenges in Molecular Dynamics Simulations with
GROMACS
In S. Markidis & E. Laure (Eds.), Solving Software Challenges for Exascale 8759 (2015) pp. 3-27
-------- -------- --- Thank You --- -------- --------


++++ PLEASE READ AND CITE THE FOLLOWING REFERENCE ++++
S. Pronk, S. Páll, R. Schulz, P. Larsson, P. Bjelkmar, R. Apostolov, M. R.
Shirts, J. C. Smith, P. M. Kasson, D. van der Spoel, B. Hess, and E. Lindahl
GROMACS 4.5: a high-throughput and highly parallel open source molecular
simulation toolkit
Bioinformatics 29 (2013) pp. 845-54
-------- -------- --- Thank You --- -------- --------


++++ PLEASE READ AND CITE THE FOLLOWING REFERENCE ++++
B. Hess and C. Kutzner and D. van der Spoel and E. Lindahl
GROMACS 4: Algorithms for highly efficient, load-balanced, and scalable
molecular simulation
J. Chem. Theory Comput. 4 (2008) pp. 435-447
-------- -------- --- Thank You --- -------- --------


++++ PLEASE READ AND CITE THE FOLLOWING REFERENCE ++++
D. van der Spoel, E. Lindahl, B. Hess, G. Groenhof, A. E. Mark and H. J. C.
Berendsen
GROMACS: Fast, Flexible and Free
J. Comp. Chem. 26 (2005) pp. 1701-1719
-------- -------- --- Thank You --- -------- --------


++++ PLEASE READ AND CITE THE FOLLOWING REFERENCE ++++
E. Lindahl and B. Hess and D. van der Spoel
GROMACS 3.0: A package for molecular simulation and trajectory analysis
J. Mol. Mod. 7 (2001) pp. 306-317
-------- -------- --- Thank You --- -------- --------


++++ PLEASE READ AND CITE THE FOLLOWING REFERENCE ++++
H. J. C. Berendsen, D. van der Spoel and R. van Drunen
GROMACS: A message-passing parallel molecular dynamics implementation
Comp. Phys. Comm. 91 (1995) pp. 43-56
-------- -------- --- Thank You --- -------- --------

Input Parameters:
   integrator                     = steep
   tinit                          = 0
   dt                             = 0.001
   nsteps                         = 50000
   init-step                      = 0
   simulation-part                = 1
   comm-mode                      = Linear
   nstcomm                        = 100
   bd-fric                        = 0
   ld-seed                        = -1872641995
   emtol                          = 1000
   emstep                         = 0.01
   niter                          = 20
   fcstep                         = 0
   nstcgsteep                     = 1000
   nbfgscorr                      = 10
   rtpi                           = 0.05
   nstxout                        = 0
   nstvout                        = 0
   nstfout                        = 0
   nstlog                         = 1000
   nstcalcenergy                  = 100
   nstenergy                      = 1000
   nstxout-compressed             = 0
   compressed-x-precision         = 1000
   cutoff-scheme                  = Verlet
   nstlist                        = 1
   pbc                            = xyz
   periodic-molecules             = false
   verlet-buffer-tolerance        = 0.005
   rlist                          = 1
   coulombtype                    = Cut-off
   coulomb-modifier               = Potential-shift
   rcoulomb-switch                = 0
   rcoulomb                       = 1
   epsilon-r                      = 1
   epsilon-rf                     = inf
   vdw-type                       = Cut-off
   vdw-modifier                   = Potential-shift
   rvdw-switch                    = 0
   rvdw                           = 1
   DispCorr                       = No
   table-extension                = 1
   fourierspacing                 = 0.12
   fourier-nx                     = 0
   fourier-ny                     = 0
   fourier-nz                     = 0
   pme-order                      = 4
   ewald-rtol                     = 1e-05
   ewald-rtol-lj                  = 0.001
   lj-pme-comb-rule               = Geometric
   ewald-geometry                 = 0
   epsilon-surface                = 0
   tcoupl                         = No
   nsttcouple                     = -1
   nh-chain-length                = 0
   print-nose-hoover-chain-variables = false
   pcoupl                         = No
   pcoupltype                     = Isotropic
   nstpcouple                     = -1
   tau-p                          = 1
   compressibility (3x3):
      compressibility[    0]={ 0.00000e+00,  0.00000e+00,  0.00000e+00}
      compressibility[    1]={ 0.00000e+00,  0.00000e+00,  0.00000e+00}
      compressibility[    2]={ 0.00000e+00,  0.00000e+00,  0.00000e+00}
   ref-p (3x3):
      ref-p[    0]={ 0.00000e+00,  0.00000e+00,  0.00000e+00}
      ref-p[    1]={ 0.00000e+00,  0.00000e+00,  0.00000e+00}
      ref-p[    2]={ 0.00000e+00,  0.00000e+00,  0.00000e+00}
   refcoord-scaling               = No
   posres-com (3):
      posres-com[0]= 0.00000e+00
      posres-com[1]= 0.00000e+00
      posres-com[2]= 0.00000e+00
   posres-comB (3):
      posres-comB[0]= 0.00000e+00
      posres-comB[1]= 0.00000e+00
      posres-comB[2]= 0.00000e+00
   QMMM                           = false
   QMconstraints                  = 0
   QMMMscheme                     = 0
   MMChargeScaleFactor            = 1
qm-opts:
   ngQM                           = 0
   constraint-algorithm           = Lincs
   continuation                   = false
   Shake-SOR                      = false
   shake-tol                      = 0.0001
   lincs-order                    = 4
   lincs-iter                     = 1
   lincs-warnangle                = 30
   nwall                          = 0
   wall-type                      = 9-3
   wall-r-linpot                  = -1
   wall-atomtype[0]               = -1
   wall-atomtype[1]               = -1
   wall-density[0]                = 0
   wall-density[1]                = 0
   wall-ewald-zfac                = 3
   pull                           = false
   awh                            = false
   rotation                       = false
   interactiveMD                  = false
   disre                          = No
   disre-weighting                = Conservative
   disre-mixed                    = false
   dr-fc                          = 1000
   dr-tau                         = 0
   nstdisreout                    = 100
   orire-fc                       = 0
   orire-tau                      = 0
   nstorireout                    = 100
   free-energy                    = no
   cos-acceleration               = 0
   deform (3x3):
      deform[    0]={ 0.00000e+00,  0.00000e+00,  0.00000e+00}
      deform[    1]={ 0.00000e+00,  0.00000e+00,  0.00000e+00}
      deform[    2]={ 0.00000e+00,  0.00000e+00,  0.00000e+00}
   simulated-tempering            = false
   swapcoords                     = no
   userint1                       = 0
   userint2                       = 0
   userint3                       = 0
   userint4                       = 0
   userreal1                      = 0
   userreal2                      = 0
   userreal3                      = 0
   userreal4                      = 0
   applied-forces:
     electric-field:
       x:
         E0                       = 0
         omega                    = 0
         t0                       = 0
         sigma                    = 0
       y:
         E0                       = 0
         omega                    = 0
         t0                       = 0
         sigma                    = 0
       z:
         E0                       = 0
         omega                    = 0
         t0                       = 0
         sigma                    = 0
     density-guided-simulation:
       active                     = false
       group                      = protein
       similarity-measure         = inner-product
       atom-spreading-weight      = unity
       force-constant             = 1e+09
       gaussian-transform-spreading-width = 0.2
       gaussian-transform-spreading-range-in-multiples-of-width = 4
       reference-density-filename = reference.mrc
       nst                        = 1
       normalize-densities        = true
       adaptive-force-scaling     = false
       adaptive-force-scaling-time-constant = 4
grpopts:
   nrdf:      106377
   ref-t:           0
   tau-t:           0
annealing:          No
annealing-npoints:           0
   acc:	           0           0           0
   nfreeze:           N           N           N
   energygrp-flags[  0]: 0

Using 1 MPI thread

Non-default thread affinity set, disabling internal thread affinity

Using 4 OpenMP threads 

System total charge: -0.000
Potential shift: LJ r^-12: -1.000e+00 r^-6: -1.000e+00, Coulomb -1e+00
Generated table with 1000 data points for 1-4 COUL.
Tabscale = 500 points/nm
Generated table with 1000 data points for 1-4 LJ6.
Tabscale = 500 points/nm
Generated table with 1000 data points for 1-4 LJ12.
Tabscale = 500 points/nm

Using SIMD 4x8 nonbonded short-range kernels

Using a 4x8 pair-list setup:
  updated every 1 steps, buffer 0.000 nm, rlist 1.000 nm

Using geometric Lennard-Jones combination rule

Removing pbc first time

++++ PLEASE READ AND CITE THE FOLLOWING REFERENCE ++++
S. Miyamoto and P. A. Kollman
SETTLE: An Analytical Version of the SHAKE and RATTLE Algorithms for Rigid
Water Models
J. Comp. Chem. 13 (1992) pp. 952-962
-------- -------- --- Thank You --- -------- --------


Note that activating steepest-descent energy minimization via the integrator .mdp option and the command gmx mdrun may be available in a different form in a future version of GROMACS, e.g. gmx minimize and an .mdp option.
Initiating Steepest Descents
Started Steepest Descents on rank 0 Tue Apr 20 12:24:31 2021


Steepest Descents:
   Tolerance (Fmax)   =  1.00000e+03
   Number of steps    =        50000
           Step           Time
              0        0.00000

   Energies (kJ/mol)
           Bond          Angle    Proper Dih. Ryckaert-Bell.          LJ-14
    1.01080e+04    1.48394e+03    2.01449e+02    2.23474e+03    4.48919e+03
     Coulomb-14        LJ (SR)   Coulomb (SR)      Potential Pressure (bar)
    1.48022e+04    4.47180e+05   -8.77160e+05   -3.96661e+05    5.10251e+04

           Step           Time
              1        1.00000

   Energies (kJ/mol)
           Bond          Angle    Proper Dih. Ryckaert-Bell.          LJ-14
    9.81299e+03    1.46994e+03    2.02675e+02    2.24059e+03    4.49350e+03
     Coulomb-14        LJ (SR)   Coulomb (SR)      Potential Pressure (bar)
    1.48039e+04    3.73766e+05   -8.78339e+05   -4.71549e+05    3.95173e+04

           Step           Time
              2        2.00000

   Energies (kJ/mol)
           Bond          Angle    Proper Dih. Ryckaert-Bell.          LJ-14
    8.98301e+03    1.46822e+03    2.11349e+02    2.26548e+03    4.50304e+03
     Coulomb-14        LJ (SR)   Coulomb (SR)      Potential Pressure (bar)
    1.48068e+04    2.90828e+05   -8.80759e+05   -5.57693e+05    2.68960e+04

           Step           Time
              3        3.00000

   Energies (kJ/mol)
           Bond          Angle    Proper Dih. Ryckaert-Bell.          LJ-14
    6.81510e+03    1.59073e+03    2.39399e+02    2.34130e+03    4.51736e+03
     Coulomb-14        LJ (SR)   Coulomb (SR)      Potential Pressure (bar)
    1.48117e+04    2.25292e+05   -8.84964e+05   -6.29356e+05    1.77494e+04

           Step           Time
              4        4.00000

   Energies (kJ/mol)
           Bond          Angle    Proper Dih. Ryckaert-Bell.          LJ-14
    3.22773e+03    2.21155e+03    2.79930e+02    2.47745e+03    4.51625e+03
     Coulomb-14        LJ (SR)   Coulomb (SR)      Potential Pressure (bar)
    1.48251e+04    1.84749e+05   -8.93294e+05   -6.81007e+05    1.12947e+04

           Step           Time
              5        5.00000

   Energies (kJ/mol)
           Bond          Angle    Proper Dih. Ryckaert-Bell.          LJ-14
    1.57660e+03    1.91702e+03    3.04755e+02    2.39304e+03    4.50396e+03
     Coulomb-14        LJ (SR)   Coulomb (SR)      Potential Pressure (bar)
    1.48351e+04    1.67939e+05   -9.05706e+05   -7.12236e+05    7.22955e+03

           Step           Time
              6        6.00000

   Energies (kJ/mol)
           Bond          Angle    Proper Dih. Ryckaert-Bell.          LJ-14
    3.51432e+03    2.00505e+03    2.50770e+02    2.43874e+03    4.35643e+03
     Coulomb-14        LJ (SR)   Coulomb (SR)      Potential Pressure (bar)
    1.48204e+04    1.61653e+05   -9.14376e+05   -7.25337e+05    5.37725e+03

           Step           Time
              7        7.00000

   Energies (kJ/mol)
           Bond          Angle    Proper Dih. Ryckaert-Bell.          LJ-14
    1.17932e+03    1.70041e+03    2.56222e+02    2.41021e+03    4.36011e+03
     Coulomb-14        LJ (SR)   Coulomb (SR)      Potential Pressure (bar)
    1.48408e+04    1.60134e+05   -9.17528e+05   -7.32648e+05    4.99592e+03

           Step           Time
              8        8.00000

   Energies (kJ/mol)
           Bond          Angle    Proper Dih. Ryckaert-Bell.          LJ-14
    2.98809e+03    1.83063e+03    2.34509e+02    2.38228e+03    4.30588e+03
     Coulomb-14        LJ (SR)   Coulomb (SR)      Potential Pressure (bar)
    1.48133e+04    1.56953e+05   -9.23998e+05   -7.40490e+05    4.34951e+03

           Step           Time
              9        9.00000

   Energies (kJ/mol)
           Bond          Angle    Proper Dih. Ryckaert-Bell.          LJ-14
    1.46422e+03    1.65483e+03    2.35814e+02    2.39047e+03    4.27106e+03
     Coulomb-14        LJ (SR)   Coulomb (SR)      Potential Pressure (bar)
    1.48360e+04    1.55691e+05   -9.27016e+05   -7.46472e+05    4.05880e+03

           Step           Time
             10       10.00000

   Energies (kJ/mol)
           Bond          Angle    Proper Dih. Ryckaert-Bell.          LJ-14
    4.31088e+03    1.93742e+03    2.15176e+02    2.37667e+03    4.23343e+03
     Coulomb-14        LJ (SR)   Coulomb (SR)      Potential Pressure (bar)
    1.48077e+04    1.53642e+05   -9.32231e+05   -7.50708e+05    3.32435e+03

           Step           Time
             11       11.00000

   Energies (kJ/mol)
           Bond          Angle    Proper Dih. Ryckaert-Bell.          LJ-14
    2.56268e+03    1.76971e+03    2.23759e+02    2.38200e+03    4.19247e+03
     Coulomb-14        LJ (SR)   Coulomb (SR)      Potential Pressure (bar)
    1.48314e+04    1.52611e+05   -9.35159e+05   -7.56586e+05    3.11306e+03

           Step           Time
             12       12.00000

   Energies (kJ/mol)
           Bond          Angle    Proper Dih. Ryckaert-Bell.          LJ-14
    7.37376e+03    2.38641e+03    2.00679e+02    2.36948e+03    4.18057e+03
     Coulomb-14        LJ (SR)   Coulomb (SR)      Potential Pressure (bar)
    1.47983e+04    1.51146e+05   -9.39596e+05   -7.57141e+05    2.74528e+03

           Step           Time
             13       13.00000

   Energies (kJ/mol)
           Bond          Angle    Proper Dih. Ryckaert-Bell.          LJ-14
    5.68924e+03    2.32887e+03    2.67934e+02    2.37617e+03    4.12536e+03
     Coulomb-14        LJ (SR)   Coulomb (SR)      Potential Pressure (bar)
    1.48296e+04    1.50261e+05   -9.42538e+05   -7.62661e+05    2.66220e+03

           Step           Time
             14       14.00000

           Step           Time
             15       15.00000

   Energies (kJ/mol)
           Bond          Angle    Proper Dih. Ryckaert-Bell.          LJ-14
    1.37507e+03    1.65929e+03    2.13336e+02    2.36715e+03    4.11247e+03
     Coulomb-14        LJ (SR)   Coulomb (SR)      Potential Pressure (bar)
    1.48046e+04    1.49533e+05   -9.44667e+05   -7.70602e+05    2.64869e+03

           Step           Time
             16       16.00000

           Step           Time
             17       17.00000

   Energies (kJ/mol)
           Bond          Angle    Proper Dih. Ryckaert-Bell.          LJ-14
    2.16862e+03    1.65405e+03    2.18121e+02    2.37015e+03    4.07099e+03
     Coulomb-14        LJ (SR)   Coulomb (SR)      Potential Pressure (bar)
    1.48153e+04    1.48626e+05   -9.48018e+05   -7.74094e+05    2.37354e+03

           Step           Time
             18       18.00000

   Energies (kJ/mol)
           Bond          Angle    Proper Dih. Ryckaert-Bell.          LJ-14
    2.49683e+03    1.69543e+03    1.94701e+02    2.36250e+03    4.05525e+03
     Coulomb-14        LJ (SR)   Coulomb (SR)      Potential Pressure (bar)
    1.47934e+04    1.47855e+05   -9.50805e+05   -7.77352e+05    2.29219e+03

           Step           Time
             19       19.00000

   Energies (kJ/mol)
           Bond          Angle    Proper Dih. Ryckaert-Bell.          LJ-14
    4.05444e+03    1.83747e+03    2.06021e+02    2.36839e+03    4.01792e+03
     Coulomb-14        LJ (SR)   Coulomb (SR)      Potential Pressure (bar)
    1.48121e+04    1.47138e+05   -9.53850e+05   -7.79416e+05    2.18840e+03

           Step           Time
             20       20.00000

   Energies (kJ/mol)
           Bond          Angle    Proper Dih. Ryckaert-Bell.          LJ-14
    4.87390e+03    1.98597e+03    1.82857e+02    2.35877e+03    4.00977e+03
     Coulomb-14        LJ (SR)   Coulomb (SR)      Potential Pressure (bar)
    1.47829e+04    1.46463e+05   -9.56436e+05   -7.81779e+05    1.91209e+03

           Step           Time
             21       21.00000

           Step           Time
             22       22.00000

   Energies (kJ/mol)
           Bond          Angle    Proper Dih. Ryckaert-Bell.          LJ-14
    4.30992e+02    1.41678e+03    1.88678e+02    2.36253e+03    3.97733e+03
     Coulomb-14        LJ (SR)   Coulomb (SR)      Potential Pressure (bar)
    1.47977e+04    1.46118e+05   -9.57899e+05   -7.88607e+05    1.93911e+03

           Step           Time
             23       23.00000

   Energies (kJ/mol)
           Bond          Angle    Proper Dih. Ryckaert-Bell.          LJ-14
    7.38034e+03    1.91372e+03    1.63197e+02    2.35487e+03    3.90349e+03
     Coulomb-14        LJ (SR)   Coulomb (SR)      Potential Pressure (bar)
    1.47640e+04    1.44052e+05   -9.67324e+05   -7.92792e+05    1.12634e+03

           Step           Time
             24       24.00000

   Energies (kJ/mol)
           Bond          Angle    Proper Dih. Ryckaert-Bell.          LJ-14
    1.38723e+03    1.42161e+03    1.66083e+02    2.36156e+03    3.87450e+03
     Coulomb-14        LJ (SR)   Coulomb (SR)      Potential Pressure (bar)
    1.47886e+04    1.43758e+05   -9.68879e+05   -8.01121e+05    1.10582e+03

           Step           Time
             25       25.00000

           Step           Time
             26       26.00000

   Energies (kJ/mol)
           Bond          Angle    Proper Dih. Ryckaert-Bell.          LJ-14
    1.59082e+03    1.41001e+03    1.61805e+02    2.35630e+03    3.86034e+03
     Coulomb-14        LJ (SR)   Coulomb (SR)      Potential Pressure (bar)
    1.47723e+04    1.43309e+05   -9.70961e+05   -8.03500e+05    9.73190e+02

           Step           Time
             27       27.00000

   Energies (kJ/mol)
           Bond          Angle    Proper Dih. Ryckaert-Bell.          LJ-14
    2.67862e+03    1.53994e+03    1.63379e+02    2.36166e+03    3.83733e+03
     Coulomb-14        LJ (SR)   Coulomb (SR)      Potential Pressure (bar)
    1.47871e+04    1.42883e+05   -9.73337e+05   -8.05086e+05    7.48052e+02

           Step           Time
             28       28.00000

   Energies (kJ/mol)
           Bond          Angle    Proper Dih. Ryckaert-Bell.          LJ-14
    3.05435e+03    1.57181e+03    1.58815e+02    2.35502e+03    3.82681e+03
     Coulomb-14        LJ (SR)   Coulomb (SR)      Potential Pressure (bar)
    1.47658e+04    1.42484e+05   -9.75288e+05   -8.07071e+05    6.07032e+02

           Step           Time
             29       29.00000

           Step           Time
             30       30.00000

   Energies (kJ/mol)
           Bond          Angle    Proper Dih. Ryckaert-Bell.          LJ-14
    3.63516e+02    1.28156e+03    1.59874e+02    2.35844e+03    3.80779e+03
     Coulomb-14        LJ (SR)   Coulomb (SR)      Potential Pressure (bar)
    1.47766e+04    1.42275e+05   -9.76441e+05   -8.11418e+05    5.41360e+02

           Step           Time
             31       31.00000

   Energies (kJ/mol)
           Bond          Angle    Proper Dih. Ryckaert-Bell.          LJ-14
    4.40933e+03    1.61398e+03    1.54613e+02    2.35457e+03    3.76057e+03
     Coulomb-14        LJ (SR)   Coulomb (SR)      Potential Pressure (bar)
    1.47532e+04    1.41122e+05   -9.83037e+05   -8.14869e+05   -1.13279e+02

           Step           Time
             32       32.00000

   Energies (kJ/mol)
           Bond          Angle    Proper Dih. Ryckaert-Bell.          LJ-14
    9.87701e+02    1.30841e+03    1.55745e+02    2.35982e+03    3.73925e+03
     Coulomb-14        LJ (SR)   Coulomb (SR)      Potential Pressure (bar)
    1.47699e+04    1.40930e+05   -9.84317e+05   -8.20066e+05   -1.67814e+02

           Step           Time
             33       33.00000

           Step           Time
             34       34.00000

   Energies (kJ/mol)
           Bond          Angle    Proper Dih. Ryckaert-Bell.          LJ-14
    1.01101e+03    1.29276e+03    1.53421e+02    2.35673e+03    3.72783e+03
     Coulomb-14        LJ (SR)   Coulomb (SR)      Potential Pressure (bar)
    1.47574e+04    1.40655e+05   -9.85983e+05   -8.22029e+05   -2.15187e+02

           Step           Time
             35       35.00000

   Energies (kJ/mol)
           Bond          Angle    Proper Dih. Ryckaert-Bell.          LJ-14
    1.78942e+03    1.37466e+03    1.53871e+02    2.36059e+03    3.70901e+03
     Coulomb-14        LJ (SR)   Coulomb (SR)      Potential Pressure (bar)
    1.47670e+04    1.40377e+05   -9.87996e+05   -8.23464e+05   -3.73095e+02

           Step           Time
             36       36.00000

   Energies (kJ/mol)
           Bond          Angle    Proper Dih. Ryckaert-Bell.          LJ-14
    1.91870e+03    1.38224e+03    1.51092e+02    2.35627e+03    3.69949e+03
     Coulomb-14        LJ (SR)   Coulomb (SR)      Potential Pressure (bar)
    1.47507e+04    1.40127e+05   -9.89599e+05   -8.25213e+05   -4.55974e+02

           Step           Time
             37       37.00000

   Energies (kJ/mol)
           Bond          Angle    Proper Dih. Ryckaert-Bell.          LJ-14
    3.33677e+03    1.53546e+03    1.53103e+02    2.36164e+03    3.68196e+03
     Coulomb-14        LJ (SR)   Coulomb (SR)      Potential Pressure (bar)
    1.47651e+04    1.39894e+05   -9.91480e+05   -8.25752e+05   -6.01031e+02

           Step           Time
             38       38.00000

   Energies (kJ/mol)
           Bond          Angle    Proper Dih. Ryckaert-Bell.          LJ-14
    3.94522e+03    1.62068e+03    1.49833e+02    2.35588e+03    3.67557e+03
     Coulomb-14        LJ (SR)   Coulomb (SR)      Potential Pressure (bar)
    1.47428e+04    1.39657e+05   -9.93044e+05   -8.26897e+05   -6.75617e+02

           Step           Time
             39       39.00000

           Step           Time
             40       40.00000

   Energies (kJ/mol)
           Bond          Angle    Proper Dih. Ryckaert-Bell.          LJ-14
    3.16360e+02    1.21996e+03    1.50764e+02    2.35914e+03    3.65795e+03
     Coulomb-14        LJ (SR)   Coulomb (SR)      Potential Pressure (bar)
    1.47540e+04    1.39532e+05   -9.93939e+05   -8.31948e+05   -5.88602e+02

           Step           Time
             41       41.00000

   Energies (kJ/mol)
           Bond          Angle    Proper Dih. Ryckaert-Bell.          LJ-14
    6.24425e+03    1.67765e+03    1.46482e+02    2.35710e+03    3.60913e+03
     Coulomb-14        LJ (SR)   Coulomb (SR)      Potential Pressure (bar)
    1.47244e+04    1.38673e+05   -1.00100e+06   -8.33572e+05   -1.22920e+03

           Step           Time
             42       42.00000

   Energies (kJ/mol)
           Bond          Angle    Proper Dih. Ryckaert-Bell.          LJ-14
    8.59008e+02    1.23183e+03    1.47547e+02    2.36190e+03    3.58958e+03
     Coulomb-14        LJ (SR)   Coulomb (SR)      Potential Pressure (bar)
    1.47436e+04    1.38566e+05   -1.00199e+06   -8.40492e+05   -1.14568e+03

           Step           Time
             43       43.00000

           Step           Time
             44       44.00000

   Energies (kJ/mol)
           Bond          Angle    Proper Dih. Ryckaert-Bell.          LJ-14
    1.49166e+03    1.27723e+03    1.45088e+02    2.35917e+03    3.58042e+03
     Coulomb-14        LJ (SR)   Coulomb (SR)      Potential Pressure (bar)
    1.47311e+04    1.38371e+05   -1.00357e+06   -8.41618e+05   -1.32177e+03

           Step           Time
             45       45.00000

   Energies (kJ/mol)
           Bond          Angle    Proper Dih. Ryckaert-Bell.          LJ-14
    1.50376e+03    1.29411e+03    1.45874e+02    2.36268e+03    3.56771e+03
     Coulomb-14        LJ (SR)   Coulomb (SR)      Potential Pressure (bar)
    1.47415e+04    1.38242e+05   -1.00491e+06   -8.43055e+05   -1.43659e+03

           Step           Time
             46       46.00000

   Energies (kJ/mol)
           Bond          Angle    Proper Dih. Ryckaert-Bell.          LJ-14
    2.72621e+03    1.40878e+03    1.43262e+02    2.35872e+03    3.56060e+03
     Coulomb-14        LJ (SR)   Coulomb (SR)      Potential Pressure (bar)
    1.47254e+04    1.38068e+05   -1.00641e+06   -8.43418e+05   -1.59947e+03

           Step           Time
             47       47.00000

   Energies (kJ/mol)
           Bond          Angle    Proper Dih. Ryckaert-Bell.          LJ-14
    2.88799e+03    1.44860e+03    1.45554e+02    2.36370e+03    3.54751e+03
     Coulomb-14        LJ (SR)   Coulomb (SR)      Potential Pressure (bar)
    1.47408e+04    1.37952e+05   -1.00772e+06   -8.44638e+05   -1.57678e+03

           Step           Time
             48       48.00000

           Step           Time
             49       49.00000

   Energies (kJ/mol)
           Bond          Angle    Proper Dih. Ryckaert-Bell.          LJ-14
    3.37289e+02    1.17117e+03    1.43207e+02    2.36066e+03    3.53904e+03
     Coulomb-14        LJ (SR)   Coulomb (SR)      Potential Pressure (bar)
    1.47298e+04    1.37850e+05   -1.00845e+06   -8.48320e+05   -1.62999e+03

           Step           Time
             50       50.00000

   Energies (kJ/mol)
           Bond          Angle    Proper Dih. Ryckaert-Bell.          LJ-14
    4.16903e+03    1.47679e+03    1.42322e+02    2.36437e+03    3.50955e+03
     Coulomb-14        LJ (SR)   Coulomb (SR)      Potential Pressure (bar)
    1.47322e+04    1.37468e+05   -1.01278e+06   -8.48914e+05   -1.87561e+03

           Step           Time
             51       51.00000

   Energies (kJ/mol)
           Bond          Angle    Proper Dih. Ryckaert-Bell.          LJ-14
    9.45753e+02    1.21620e+03    1.39845e+02    2.36070e+03    3.49932e+03
     Coulomb-14        LJ (SR)   Coulomb (SR)      Potential Pressure (bar)
    1.47201e+04    1.37355e+05   -1.01360e+06   -8.53365e+05   -1.88550e+03

           Step           Time
             52       52.00000

           Step           Time
             53       53.00000

   Energies (kJ/mol)
           Bond          Angle    Proper Dih. Ryckaert-Bell.          LJ-14
    8.99529e+02    1.19757e+03    1.40548e+02    2.36325e+03    3.49000e+03
     Coulomb-14        LJ (SR)   Coulomb (SR)      Potential Pressure (bar)
    1.47265e+04    1.37255e+05   -1.01473e+06   -8.54655e+05   -1.83053e+03

           Step           Time
             54       54.00000

   Energies (kJ/mol)
           Bond          Angle    Proper Dih. Ryckaert-Bell.          LJ-14
    1.65264e+03    1.28128e+03    1.38694e+02    2.36087e+03    3.48172e+03
     Coulomb-14        LJ (SR)   Coulomb (SR)      Potential Pressure (bar)
    1.47154e+04    1.37121e+05   -1.01607e+06   -8.55320e+05   -2.02967e+03

           Step           Time
             55       55.00000

   Energies (kJ/mol)
           Bond          Angle    Proper Dih. Ryckaert-Bell.          LJ-14
    1.66682e+03    1.27633e+03    1.40268e+02    2.36437e+03    3.47237e+03
     Coulomb-14        LJ (SR)   Coulomb (SR)      Potential Pressure (bar)
    1.47258e+04    1.37032e+05   -1.01719e+06   -8.56507e+05   -2.02887e+03

           Step           Time
             56       56.00000

           Step           Time
             57       57.00000

   Energies (kJ/mol)
           Bond          Angle    Proper Dih. Ryckaert-Bell.          LJ-14
    2.98651e+02    1.14012e+03    1.38764e+02    2.36248e+03    3.46580e+03
     Coulomb-14        LJ (SR)   Coulomb (SR)      Potential Pressure (bar)
    1.47180e+04    1.36957e+05   -1.01783e+06   -8.58749e+05   -2.01312e+03

           Step           Time
             58       58.00000

   Energies (kJ/mol)
           Bond          Angle    Proper Dih. Ryckaert-Bell.          LJ-14
    2.27296e+03    1.30203e+03    1.38183e+02    2.36576e+03    3.44136e+03
     Coulomb-14        LJ (SR)   Coulomb (SR)      Potential Pressure (bar)
    1.47201e+04    1.36671e+05   -1.02131e+06   -8.60402e+05   -2.21059e+03

           Step           Time
             59       59.00000

   Energies (kJ/mol)
           Bond          Angle    Proper Dih. Ryckaert-Bell.          LJ-14
    6.60297e+02    1.16752e+03    1.36316e+02    2.36326e+03    3.43369e+03
     Coulomb-14        LJ (SR)   Coulomb (SR)      Potential Pressure (bar)
    1.47105e+04    1.36583e+05   -1.02206e+06   -8.63003e+05   -2.28812e+03

           Step           Time
             60       60.00000

           Step           Time
             61       61.00000

   Energies (kJ/mol)
           Bond          Angle    Proper Dih. Ryckaert-Bell.          LJ-14
    5.55651e+02    1.14923e+03    1.36722e+02    2.36493e+03    3.42650e+03
     Coulomb-14        LJ (SR)   Coulomb (SR)      Potential Pressure (bar)
    1.47147e+04    1.36505e+05   -1.02300e+06   -8.64147e+05   -2.30778e+03

           Step           Time
             62       62.00000

   Energies (kJ/mol)
           Bond          Angle    Proper Dih. Ryckaert-Bell.          LJ-14
    1.05261e+03    1.20111e+03    1.35446e+02    2.36359e+03    3.41799e+03
     Coulomb-14        LJ (SR)   Coulomb (SR)      Potential Pressure (bar)
    1.47066e+04    1.36387e+05   -1.02426e+06   -8.64991e+05   -2.44682e+03

           Step           Time
             63       63.00000

   Energies (kJ/mol)
           Bond          Angle    Proper Dih. Ryckaert-Bell.          LJ-14
    9.14819e+02    1.18274e+03    1.36484e+02    2.36603e+03    3.41078e+03
     Coulomb-14        LJ (SR)   Coulomb (SR)      Potential Pressure (bar)
    1.47133e+04    1.36316e+05   -1.02519e+06   -8.66152e+05   -2.45797e+03

           Step           Time
             64       64.00000

   Energies (kJ/mol)
           Bond          Angle    Proper Dih. Ryckaert-Bell.          LJ-14
    1.82705e+03    1.27822e+03    1.34740e+02    2.36374e+03    3.40337e+03
     Coulomb-14        LJ (SR)   Coulomb (SR)      Potential Pressure (bar)
    1.47016e+04    1.36203e+05   -1.02636e+06   -8.66449e+05   -2.54124e+03

           Step           Time
             65       65.00000

   Energies (kJ/mol)
           Bond          Angle    Proper Dih. Ryckaert-Bell.          LJ-14
    1.72229e+03    1.26677e+03    1.36564e+02    2.36715e+03    3.39626e+03
     Coulomb-14        LJ (SR)   Coulomb (SR)      Potential Pressure (bar)
    1.47121e+04    1.36133e+05   -1.02730e+06   -8.67569e+05   -2.52290e+03

           Step           Time
             66       66.00000

           Step           Time
             67       67.00000

   Energies (kJ/mol)
           Bond          Angle    Proper Dih. Ryckaert-Bell.          LJ-14
    3.22440e+02    1.12648e+03    1.35004e+02    2.36515e+03    3.38966e+03
     Coulomb-14        LJ (SR)   Coulomb (SR)      Potential Pressure (bar)
    1.47041e+04    1.36068e+05   -1.02787e+06   -8.69759e+05   -2.49849e+03

           Step           Time
             68       68.00000

   Energies (kJ/mol)
           Bond          Angle    Proper Dih. Ryckaert-Bell.          LJ-14
    2.45329e+03    1.30877e+03    1.35275e+02    2.36792e+03    3.37225e+03
     Coulomb-14        LJ (SR)   Coulomb (SR)      Potential Pressure (bar)
    1.47066e+04    1.35865e+05   -1.03059e+06   -8.70380e+05   -2.70821e+03

           Step           Time
             69       69.00000

   Energies (kJ/mol)
           Bond          Angle    Proper Dih. Ryckaert-Bell.          LJ-14
    6.94596e+02    1.15786e+03    1.33166e+02    2.36542e+03    3.36425e+03
     Coulomb-14        LJ (SR)   Coulomb (SR)      Potential Pressure (bar)
    1.46970e+04    1.35786e+05   -1.03123e+06   -8.73036e+05   -2.74413e+03

           Step           Time
             70       70.00000

           Step           Time
             71       71.00000

   Energies (kJ/mol)
           Bond          Angle    Proper Dih. Ryckaert-Bell.          LJ-14
    5.98709e+02    1.14184e+03    1.33953e+02    2.36720e+03    3.35842e+03
     Coulomb-14        LJ (SR)   Coulomb (SR)      Potential Pressure (bar)
    1.47010e+04    1.35723e+05   -1.03207e+06   -8.74042e+05   -2.67544e+03

           Step           Time
             72       72.00000

   Energies (kJ/mol)
           Bond          Angle    Proper Dih. Ryckaert-Bell.          LJ-14
    1.12685e+03    1.19629e+03    1.32329e+02    2.36560e+03    3.35048e+03
     Coulomb-14        LJ (SR)   Coulomb (SR)      Potential Pressure (bar)
    1.46927e+04    1.35626e+05   -1.03313e+06   -8.74643e+05   -2.77996e+03

           Step           Time
             73       73.00000

   Energies (kJ/mol)
           Bond          Angle    Proper Dih. Ryckaert-Bell.          LJ-14
    1.01962e+03    1.18293e+03    1.33655e+02    2.36791e+03    3.34480e+03
     Coulomb-14        LJ (SR)   Coulomb (SR)      Potential Pressure (bar)
    1.46995e+04    1.35569e+05   -1.03396e+06   -8.75646e+05   -2.76077e+03

           Step           Time
             74       74.00000

   Energies (kJ/mol)
           Bond          Angle    Proper Dih. Ryckaert-Bell.          LJ-14
    1.99593e+03    1.28399e+03    1.31536e+02    2.36541e+03    3.33779e+03
     Coulomb-14        LJ (SR)   Coulomb (SR)      Potential Pressure (bar)
    1.46882e+04    1.35476e+05   -1.03495e+06   -8.75676e+05   -2.86651e+03

           Step           Time
             75       75.00000

   Energies (kJ/mol)
           Bond          Angle    Proper Dih. Ryckaert-Bell.          LJ-14
    1.91702e+03    1.27820e+03    1.33570e+02    2.36866e+03    3.33270e+03
     Coulomb-14        LJ (SR)   Coulomb (SR)      Potential Pressure (bar)
    1.46991e+04    1.35423e+05   -1.03579e+06   -8.76636e+05   -2.76965e+03

           Step           Time
             76       76.00000

           Step           Time
             77       77.00000

   Energies (kJ/mol)
           Bond          Angle    Proper Dih. Ryckaert-Bell.          LJ-14
    3.31047e+02    1.11822e+03    1.31587e+02    2.36657e+03    3.32594e+03
     Coulomb-14        LJ (SR)   Coulomb (SR)      Potential Pressure (bar)
    1.46912e+04    1.35363e+05   -1.03628e+06   -8.78953e+05   -2.78168e+03

           Step           Time
             78       78.00000

           Step           Time
             79       79.00000

   Energies (kJ/mol)
           Bond          Angle    Proper Dih. Ryckaert-Bell.          LJ-14
    6.70963e+02    1.14105e+03    1.31690e+02    2.36800e+03    3.31803e+03
     Coulomb-14        LJ (SR)   Coulomb (SR)      Potential Pressure (bar)
    1.46926e+04    1.35274e+05   -1.03753e+06   -8.79930e+05   -2.78918e+03

           Step           Time
             80       80.00000

   Energies (kJ/mol)
           Bond          Angle    Proper Dih. Ryckaert-Bell.          LJ-14
    4.96513e+02    1.12803e+03    1.30445e+02    2.36669e+03    3.31192e+03
     Coulomb-14        LJ (SR)   Coulomb (SR)      Potential Pressure (bar)
    1.46871e+04    1.35213e+05   -1.03822e+06   -8.80884e+05   -2.69569e+03

           Step           Time
             81       81.00000

   Energies (kJ/mol)
           Bond          Angle    Proper Dih. Ryckaert-Bell.          LJ-14
    9.89409e+02    1.17045e+03    1.31278e+02    2.36838e+03    3.30639e+03
     Coulomb-14        LJ (SR)   Coulomb (SR)      Potential Pressure (bar)
    1.46913e+04    1.35144e+05   -1.03926e+06   -8.81462e+05   -2.86912e+03

           Step           Time
             82       82.00000

   Energies (kJ/mol)
           Bond          Angle    Proper Dih. Ryckaert-Bell.          LJ-14
    8.65578e+02    1.16293e+03    1.29503e+02    2.36646e+03    3.29999e+03
     Coulomb-14        LJ (SR)   Coulomb (SR)      Potential Pressure (bar)
    1.46834e+04    1.35077e+05   -1.03998e+06   -8.82393e+05   -2.80386e+03

           Step           Time
             83       83.00000

   Energies (kJ/mol)
           Bond          Angle    Proper Dih. Ryckaert-Bell.          LJ-14
    1.60255e+03    1.23083e+03    1.30785e+02    2.36903e+03    3.29572e+03
     Coulomb-14        LJ (SR)   Coulomb (SR)      Potential Pressure (bar)
    1.46902e+04    1.35021e+05   -1.04092e+06   -8.82580e+05   -2.95456e+03

           Step           Time
             84       84.00000

   Energies (kJ/mol)
           Bond          Angle    Proper Dih. Ryckaert-Bell.          LJ-14
    1.69418e+03    1.24826e+03    1.28580e+02    2.36631e+03    3.28911e+03
     Coulomb-14        LJ (SR)   Coulomb (SR)      Potential Pressure (bar)
    1.46792e+04    1.34950e+05   -1.04165e+06   -8.83296e+05   -2.94275e+03

           Step           Time
             85       85.00000

           Step           Time
             86       86.00000

   Energies (kJ/mol)
           Bond          Angle    Proper Dih. Ryckaert-Bell.          LJ-14
    2.86428e+02    1.10631e+03    1.29288e+02    2.36787e+03    3.28495e+03
     Coulomb-14        LJ (SR)   Coulomb (SR)      Potential Pressure (bar)
    1.46846e+04    1.34917e+05   -1.04211e+06   -8.85337e+05   -2.93079e+03

           Step           Time
             87       87.00000

   Energies (kJ/mol)
           Bond          Angle    Proper Dih. Ryckaert-Bell.          LJ-14
    2.54451e+03    1.30699e+03    1.27553e+02    2.36643e+03    3.26667e+03
     Coulomb-14        LJ (SR)   Coulomb (SR)      Potential Pressure (bar)
    1.46713e+04    1.34721e+05   -1.04496e+06   -8.85952e+05   -3.12403e+03

           Step           Time
             88       88.00000

   Energies (kJ/mol)
           Bond          Angle    Proper Dih. Ryckaert-Bell.          LJ-14
    5.18800e+02    1.12376e+03    1.28726e+02    2.36879e+03    3.26193e+03
     Coulomb-14        LJ (SR)   Coulomb (SR)      Potential Pressure (bar)
    1.46806e+04    1.34688e+05   -1.04550e+06   -8.88732e+05   -3.08029e+03

           Step           Time
             89       89.00000

           Step           Time
             90       90.00000

   Energies (kJ/mol)
           Bond          Angle    Proper Dih. Ryckaert-Bell.          LJ-14
    7.40165e+02    1.14244e+03    1.27453e+02    2.36737e+03    3.25594e+03
     Coulomb-14        LJ (SR)   Coulomb (SR)      Potential Pressure (bar)
    1.46739e+04    1.34628e+05   -1.04632e+06   -8.89381e+05   -3.16541e+03

           Step           Time
             91       91.00000

   Energies (kJ/mol)
           Bond          Angle    Proper Dih. Ryckaert-Bell.          LJ-14
    7.98478e+02    1.14870e+03    1.28459e+02    2.36924e+03    3.25264e+03
     Coulomb-14        LJ (SR)   Coulomb (SR)      Potential Pressure (bar)
    1.46792e+04    1.34589e+05   -1.04704e+06   -8.90078e+05   -3.13354e+03

           Step           Time
             92       92.00000

   Energies (kJ/mol)
           Bond          Angle    Proper Dih. Ryckaert-Bell.          LJ-14
    1.23532e+03    1.19224e+03    1.26849e+02    2.36742e+03    3.24666e+03
     Coulomb-14        LJ (SR)   Coulomb (SR)      Potential Pressure (bar)
    1.46704e+04    1.34528e+05   -1.04781e+06   -8.90446e+05   -3.08952e+03

